{"obj": {"type": "AssignString", "path": ["sys", "name"], "value": "Untitled"}, "version": 1}
{"obj": {"type": "AssignString", "path": ["sys", "description"], "value": ""}, "version": 2}
{"obj": {"type": "AssignString", "path": ["sys", "hostname"], "value": "DEREK-ASUS-TUF-A15"}, "version": 3}
{"obj": {"type": "AssignBool", "path": ["sys", "failed"], "value": false}, "version": 4}
{"obj": {"type": "ClearStringLog", "path": ["monitoring", "stdout"]}, "version": 5}
{"obj": {"type": "ClearStringLog", "path": ["monitoring", "stderr"]}, "version": 6}
{"obj": {"type": "ConfigFloatSeries", "path": ["monitoring", "cpu"], "min": 0.0, "max": 100.0, "unit": "%"}, "version": 7}
{"obj": {"type": "ClearFloatLog", "path": ["monitoring", "cpu"]}, "version": 8}
{"obj": {"type": "ConfigFloatSeries", "path": ["monitoring", "memory"], "min": 0.0, "max": 15.419471740722656, "unit": "GB"}, "version": 9}
{"obj": {"type": "ClearFloatLog", "path": ["monitoring", "memory"]}, "version": 10}
{"obj": {"type": "ConfigFloatSeries", "path": ["monitoring", "gpu"], "min": 0.0, "max": 100.0, "unit": "%"}, "version": 11}
{"obj": {"type": "ClearFloatLog", "path": ["monitoring", "gpu"]}, "version": 12}
{"obj": {"type": "ConfigFloatSeries", "path": ["monitoring", "gpu_memory"], "min": 0.0, "max": 6.0, "unit": "GB"}, "version": 13}
{"obj": {"type": "ClearFloatLog", "path": ["monitoring", "gpu_memory"]}, "version": 14}
{"obj": {"type": "LogStrings", "path": ["monitoring", "stdout"], "values": [{"value": "", "step": null, "ts": 1649635551.6722414}]}, "version": 15}
{"obj": {"type": "LogStrings", "path": ["monitoring", "stdout"], "values": [{"value": "Remember to stop your run once you\u2019ve finished logging your metadata (https://docs.neptune.ai/api-reference/run#.stop). It will be stopped automatically only when the notebook kernel/interactive console is terminated.\n", "step": null, "ts": 1649635551.6742387}]}, "version": 16}
{"obj": {"type": "AssignFloat", "path": ["parameters", "learning_rate"], "value": 0.001}, "version": 17}
{"obj": {"type": "AssignString", "path": ["parameters", "optimizer"], "value": "Adam"}, "version": 18}
{"obj": {"type": "LogFloats", "path": ["train", "loss"], "values": [{"value": 1.0, "step": null, "ts": 1649635551.6772392}]}, "version": 19}
{"obj": {"type": "LogFloats", "path": ["train", "loss"], "values": [{"value": 0.9, "step": null, "ts": 1649635551.6772392}]}, "version": 20}
{"obj": {"type": "LogFloats", "path": ["train", "loss"], "values": [{"value": 0.81, "step": null, "ts": 1649635551.6772392}]}, "version": 21}
{"obj": {"type": "LogFloats", "path": ["train", "loss"], "values": [{"value": 0.7290000000000001, "step": null, "ts": 1649635551.6772392}]}, "version": 22}
{"obj": {"type": "LogFloats", "path": ["train", "loss"], "values": [{"value": 0.6561, "step": null, "ts": 1649635551.6772392}]}, "version": 23}
{"obj": {"type": "LogFloats", "path": ["train", "loss"], "values": [{"value": 0.5904900000000001, "step": null, "ts": 1649635551.6772392}]}, "version": 24}
{"obj": {"type": "LogFloats", "path": ["train", "loss"], "values": [{"value": 0.531441, "step": null, "ts": 1649635551.6772392}]}, "version": 25}
{"obj": {"type": "LogFloats", "path": ["monitoring", "cpu"], "values": [{"value": 10.3, "step": null, "ts": 1649635551.6692362}]}, "version": 26}
{"obj": {"type": "LogFloats", "path": ["monitoring", "memory"], "values": [{"value": 10.090179443359375, "step": null, "ts": 1649635551.6692362}]}, "version": 27}
{"obj": {"type": "LogFloats", "path": ["monitoring", "gpu_memory"], "values": [{"value": 0.16015625, "step": null, "ts": 1649635551.6692362}]}, "version": 28}
{"obj": {"type": "LogFloats", "path": ["train", "loss"], "values": [{"value": 0.4782969000000001, "step": null, "ts": 1649635551.6782422}]}, "version": 29}
{"obj": {"type": "LogFloats", "path": ["train", "loss"], "values": [{"value": 0.4304672100000001, "step": null, "ts": 1649635551.6782422}]}, "version": 30}
{"obj": {"type": "LogFloats", "path": ["train", "loss"], "values": [{"value": 0.3874204890000001, "step": null, "ts": 1649635551.6782422}]}, "version": 31}
{"obj": {"type": "AssignFloat", "path": ["eval", "f1_score"], "value": 0.66}, "version": 32}
{"obj": {"type": "LogStrings", "path": ["monitoring", "stdout"], "values": [{"value": "Shutting down background jobs, please wait a moment...\n", "step": null, "ts": 1649635551.6782422}]}, "version": 33}
